2021-05-31 02:19:59,304 Audio File 1 Loaded
2021-05-31 02:19:59,380 Loading data
2021-05-31 02:20:06,134 Loading Done
2021-05-31 02:20:08,779 Audio File 2 Loaded
2021-05-31 02:20:08,780 Loading data
2021-05-31 02:20:09,789 Loading Done
2021-05-31 02:20:11,376 Start Mixing 2 songs
2021-05-31 02:20:12,502 Mixing Done
2021-05-31 02:20:12,502 Searching and getting similarities
2021-05-31 02:20:12,704 Searching and getting similarities Done
2021-05-31 02:20:12,761 Showing Results
2021-05-31 02:20:12,881 Results Done
2021-05-31 02:20:15,462 Start Mixing 2 songs
2021-05-31 02:20:16,221 Mixing Done
2021-05-31 02:20:16,222 Searching and getting similarities
2021-05-31 02:20:16,419 Searching and getting similarities Done
2021-05-31 02:20:16,419 Showing Results
2021-05-31 02:20:16,421 Results Done
2021-05-31 02:20:24,425 Start Mixing 2 songs
2021-05-31 02:20:25,191 Mixing Done
2021-05-31 02:20:25,192 Searching and getting similarities
2021-05-31 02:20:25,411 Searching and getting similarities Done
2021-05-31 02:20:25,412 Showing Results
2021-05-31 02:20:25,415 Results Done
2021-05-31 02:20:37,781 Start Mixing 2 songs
2021-05-31 02:20:38,486 Mixing Done
2021-05-31 02:20:38,486 Searching and getting similarities
2021-05-31 02:20:38,813 Searching and getting similarities Done
2021-05-31 02:20:38,814 Showing Results
2021-05-31 02:20:38,818 Results Done
2021-05-31 02:20:50,188 Start Mixing 2 songs
2021-05-31 02:20:50,879 Mixing Done
2021-05-31 02:20:50,879 Searching and getting similarities
2021-05-31 02:20:51,054 Searching and getting similarities Done
2021-05-31 02:20:51,054 Showing Results
2021-05-31 02:20:51,056 Results Done
2021-05-31 02:20:58,657 Audio File 1 Loaded
2021-05-31 02:20:58,657 Loading data
2021-05-31 02:20:59,955 Loading Done
2021-05-31 02:21:03,876 Audio File 2 Loaded
2021-05-31 02:21:03,876 Loading data
2021-05-31 02:21:04,930 Loading Done
2021-05-31 02:21:05,706 Start Mixing 2 songs
2021-05-31 02:21:06,597 Mixing Done
2021-05-31 02:21:06,598 Searching and getting similarities
2021-05-31 02:21:06,799 Searching and getting similarities Done
2021-05-31 02:21:06,799 Showing Results
2021-05-31 02:21:06,801 Results Done
2021-05-31 02:21:27,329 Start Mixing 2 songs
2021-05-31 02:21:28,036 Mixing Done
2021-05-31 02:21:28,036 Searching and getting similarities
2021-05-31 02:21:28,214 Searching and getting similarities Done
2021-05-31 02:21:28,215 Showing Results
2021-05-31 02:21:28,217 Results Done
2021-05-31 02:21:39,965 Start Mixing 2 songs
2021-05-31 02:21:40,639 Mixing Done
2021-05-31 02:21:40,639 Searching and getting similarities
2021-05-31 02:21:40,807 Searching and getting similarities Done
2021-05-31 02:21:40,807 Showing Results
2021-05-31 02:21:40,811 Results Done
2021-05-31 02:22:05,277 Start Mixing 2 songs
2021-05-31 02:22:05,954 Mixing Done
2021-05-31 02:22:05,954 Searching and getting similarities
2021-05-31 02:22:06,134 Searching and getting similarities Done
2021-05-31 02:22:06,135 Showing Results
2021-05-31 02:22:06,137 Results Done
