2021-06-02 16:57:44,392 Audio File 1 Loaded
2021-06-02 16:57:44,392 Loading data
2021-06-02 16:57:48,880 Loading Done
2021-06-02 16:57:54,203 Audio File 2 Loaded
2021-06-02 16:57:54,203 loading cancelled
2021-06-02 16:58:00,554 Searching and getting similarities
2021-06-02 16:58:01,023 Searching and getting similarities Done
2021-06-02 16:58:01,024 Showing Results
2021-06-02 16:58:01,068 Results Done
2021-06-02 16:58:08,686 Audio File 2 Loaded
2021-06-02 16:58:08,686 loading cancelled
2021-06-02 16:58:41,216 Audio File 2 Loaded
2021-06-02 16:58:41,216 Loading data
2021-06-02 16:58:42,747 Loading Done
2021-06-02 16:58:45,694 Start Mixing 2 songs
2021-06-02 16:58:47,119 Mixing Done
2021-06-02 16:58:47,119 Searching and getting similarities
2021-06-02 16:58:47,366 Searching and getting similarities Done
2021-06-02 16:58:47,366 Showing Results
2021-06-02 16:58:47,370 Results Done
